[3.021s] DEBUG:colcon:Command line arguments: ['/usr/bin/colcon', 'build', '--packages-select', 'darwin_motion']
[3.022s] DEBUG:colcon:Parsed command line arguments: Namespace(log_base=None, log_level=None, verb_name='build', build_base='build', install_base='install', merge_install=False, symlink_install=False, test_result_base=None, continue_on_error=False, executor='parallel', parallel_workers=4, event_handlers=None, ignore_user_meta=False, metas=['./colcon.meta'], base_paths=['.'], packages_ignore=None, packages_ignore_regex=None, paths=None, packages_up_to=None, packages_up_to_regex=None, packages_above=None, packages_above_and_dependencies=None, packages_above_depth=None, packages_select_by_dep=None, packages_skip_by_dep=None, packages_skip_up_to=None, packages_select_build_failed=False, packages_skip_build_finished=False, packages_select_test_failures=False, packages_skip_test_passed=False, packages_select=['darwin_motion'], packages_skip=None, packages_select_regex=None, packages_skip_regex=None, packages_start=None, packages_end=None, allow_overriding=[], cmake_args=None, cmake_target=None, cmake_target_skip_unavailable=False, cmake_clean_cache=False, cmake_clean_first=False, cmake_force_configure=False, ament_cmake_args=None, catkin_cmake_args=None, catkin_skip_building_tests=False, verb_parser=<colcon_defaults.argument_parser.defaults.DefaultArgumentsDecorator object at 0xffff9b421e40>, verb_extension=<colcon_core.verb.build.BuildVerb object at 0xffff9bca0250>, main=<bound method BuildVerb.main of <colcon_core.verb.build.BuildVerb object at 0xffff9bca0250>>)
[3.333s] Level 1:colcon.colcon_core.package_discovery:discover_packages(colcon_meta) check parameters
[3.334s] Level 1:colcon.colcon_core.package_discovery:discover_packages(recursive) check parameters
[3.334s] Level 1:colcon.colcon_core.package_discovery:discover_packages(ignore) check parameters
[3.334s] Level 1:colcon.colcon_core.package_discovery:discover_packages(path) check parameters
[3.335s] Level 1:colcon.colcon_core.package_discovery:discover_packages(colcon_meta) discover
[3.335s] Level 1:colcon.colcon_core.package_discovery:discover_packages(recursive) discover
[3.336s] INFO:colcon.colcon_core.package_discovery:Crawling recursively for packages in '/home/joshua/ros2_ws'
[3.337s] Level 1:colcon.colcon_core.package_identification:_identify(.) by extensions ['ignore', 'ignore_ament_install']
[3.338s] Level 1:colcon.colcon_core.package_identification:_identify(.) by extension 'ignore'
[3.338s] Level 1:colcon.colcon_core.package_identification:_identify(.) by extension 'ignore_ament_install'
[3.339s] Level 1:colcon.colcon_core.package_identification:_identify(.) by extensions ['colcon_pkg']
[3.340s] Level 1:colcon.colcon_core.package_identification:_identify(.) by extension 'colcon_pkg'
[3.340s] Level 1:colcon.colcon_core.package_identification:_identify(.) by extensions ['colcon_meta']
[3.341s] Level 1:colcon.colcon_core.package_identification:_identify(.) by extension 'colcon_meta'
[3.341s] Level 1:colcon.colcon_core.package_identification:_identify(.) by extensions ['ros']
[3.341s] Level 1:colcon.colcon_core.package_identification:_identify(.) by extension 'ros'
[3.444s] Level 1:colcon.colcon_core.package_identification:_identify(.) by extensions ['cmake', 'python']
[3.445s] Level 1:colcon.colcon_core.package_identification:_identify(.) by extension 'cmake'
[3.445s] Level 1:colcon.colcon_core.package_identification:_identify(.) by extension 'python'
[3.446s] Level 1:colcon.colcon_core.package_identification:_identify(.) by extensions ['python_setup_py']
[3.446s] Level 1:colcon.colcon_core.package_identification:_identify(.) by extension 'python_setup_py'
[3.447s] Level 1:colcon.colcon_core.package_identification:_identify(build) by extensions ['ignore', 'ignore_ament_install']
[3.448s] Level 1:colcon.colcon_core.package_identification:_identify(build) by extension 'ignore'
[3.449s] Level 1:colcon.colcon_core.package_identification:_identify(build) ignored
[3.451s] Level 1:colcon.colcon_core.package_identification:_identify(install) by extensions ['ignore', 'ignore_ament_install']
[3.452s] Level 1:colcon.colcon_core.package_identification:_identify(install) by extension 'ignore'
[3.452s] Level 1:colcon.colcon_core.package_identification:_identify(install) ignored
[3.454s] Level 1:colcon.colcon_core.package_identification:_identify(log) by extensions ['ignore', 'ignore_ament_install']
[3.455s] Level 1:colcon.colcon_core.package_identification:_identify(log) by extension 'ignore'
[3.455s] Level 1:colcon.colcon_core.package_identification:_identify(log) ignored
[3.456s] Level 1:colcon.colcon_core.package_identification:_identify(src) by extensions ['ignore', 'ignore_ament_install']
[3.457s] Level 1:colcon.colcon_core.package_identification:_identify(src) by extension 'ignore'
[3.458s] Level 1:colcon.colcon_core.package_identification:_identify(src) by extension 'ignore_ament_install'
[3.459s] Level 1:colcon.colcon_core.package_identification:_identify(src) by extensions ['colcon_pkg']
[3.459s] Level 1:colcon.colcon_core.package_identification:_identify(src) by extension 'colcon_pkg'
[3.460s] Level 1:colcon.colcon_core.package_identification:_identify(src) by extensions ['colcon_meta']
[3.460s] Level 1:colcon.colcon_core.package_identification:_identify(src) by extension 'colcon_meta'
[3.461s] Level 1:colcon.colcon_core.package_identification:_identify(src) by extensions ['ros']
[3.461s] Level 1:colcon.colcon_core.package_identification:_identify(src) by extension 'ros'
[3.462s] Level 1:colcon.colcon_core.package_identification:_identify(src) by extensions ['cmake', 'python']
[3.463s] Level 1:colcon.colcon_core.package_identification:_identify(src) by extension 'cmake'
[3.463s] Level 1:colcon.colcon_core.package_identification:_identify(src) by extension 'python'
[3.464s] Level 1:colcon.colcon_core.package_identification:_identify(src) by extensions ['python_setup_py']
[3.464s] Level 1:colcon.colcon_core.package_identification:_identify(src) by extension 'python_setup_py'
[3.465s] Level 1:colcon.colcon_core.package_identification:_identify(src/darwin_motion) by extensions ['ignore', 'ignore_ament_install']
[3.466s] Level 1:colcon.colcon_core.package_identification:_identify(src/darwin_motion) by extension 'ignore'
[3.467s] Level 1:colcon.colcon_core.package_identification:_identify(src/darwin_motion) by extension 'ignore_ament_install'
[3.468s] Level 1:colcon.colcon_core.package_identification:_identify(src/darwin_motion) by extensions ['colcon_pkg']
[3.468s] Level 1:colcon.colcon_core.package_identification:_identify(src/darwin_motion) by extension 'colcon_pkg'
[3.469s] Level 1:colcon.colcon_core.package_identification:_identify(src/darwin_motion) by extensions ['colcon_meta']
[3.470s] Level 1:colcon.colcon_core.package_identification:_identify(src/darwin_motion) by extension 'colcon_meta'
[3.471s] Level 1:colcon.colcon_core.package_identification:_identify(src/darwin_motion) by extensions ['ros']
[3.471s] Level 1:colcon.colcon_core.package_identification:_identify(src/darwin_motion) by extension 'ros'
[3.494s] DEBUG:colcon.colcon_core.package_identification:Package 'src/darwin_motion' with type 'ros.ament_python' and name 'darwin_motion'
[3.495s] Level 1:colcon.colcon_core.package_discovery:discover_packages(recursive) using defaults
[3.496s] Level 1:colcon.colcon_core.package_discovery:discover_packages(ignore) discover
[3.496s] Level 1:colcon.colcon_core.package_discovery:discover_packages(ignore) using defaults
[3.496s] Level 1:colcon.colcon_core.package_discovery:discover_packages(path) discover
[3.497s] Level 1:colcon.colcon_core.package_discovery:discover_packages(path) using defaults
[3.710s] Level 1:colcon.colcon_core.package_discovery:discover_packages(prefix_path) check parameters
[3.711s] Level 1:colcon.colcon_core.package_discovery:discover_packages(prefix_path) discover
[3.723s] WARNING:colcon.colcon_core.prefix_path.colcon:The path '/home/joshua/ros2_humble/ros2-linux' in the environment variable COLCON_PREFIX_PATH doesn't exist
[3.725s] WARNING:colcon.colcon_ros.prefix_path.ament:The path '/home/joshua/ros2_humble/ros2-linux' in the environment variable AMENT_PREFIX_PATH doesn't exist
[3.726s] WARNING:colcon.colcon_ros.prefix_path.catkin:The path '/home/joshua/ros2_humble/ros2-linux' in the environment variable CMAKE_PREFIX_PATH doesn't exist
[3.747s] DEBUG:colcon.colcon_installed_package_information.package_discovery:Found 180 installed packages in /opt/ros/humble
[3.758s] Level 1:colcon.colcon_core.package_discovery:discover_packages(prefix_path) using defaults
[4.213s] Level 5:colcon.colcon_core.verb:set package 'darwin_motion' build argument 'cmake_args' from command line to 'None'
[4.214s] Level 5:colcon.colcon_core.verb:set package 'darwin_motion' build argument 'cmake_target' from command line to 'None'
[4.214s] Level 5:colcon.colcon_core.verb:set package 'darwin_motion' build argument 'cmake_target_skip_unavailable' from command line to 'False'
[4.214s] Level 5:colcon.colcon_core.verb:set package 'darwin_motion' build argument 'cmake_clean_cache' from command line to 'False'
[4.215s] Level 5:colcon.colcon_core.verb:set package 'darwin_motion' build argument 'cmake_clean_first' from command line to 'False'
[4.215s] Level 5:colcon.colcon_core.verb:set package 'darwin_motion' build argument 'cmake_force_configure' from command line to 'False'
[4.215s] Level 5:colcon.colcon_core.verb:set package 'darwin_motion' build argument 'ament_cmake_args' from command line to 'None'
[4.215s] Level 5:colcon.colcon_core.verb:set package 'darwin_motion' build argument 'catkin_cmake_args' from command line to 'None'
[4.216s] Level 5:colcon.colcon_core.verb:set package 'darwin_motion' build argument 'catkin_skip_building_tests' from command line to 'False'
[4.216s] DEBUG:colcon.colcon_core.verb:Building package 'darwin_motion' with the following arguments: {'ament_cmake_args': None, 'build_base': '/home/joshua/ros2_ws/build/darwin_motion', 'catkin_cmake_args': None, 'catkin_skip_building_tests': False, 'cmake_args': None, 'cmake_clean_cache': False, 'cmake_clean_first': False, 'cmake_force_configure': False, 'cmake_target': None, 'cmake_target_skip_unavailable': False, 'install_base': '/home/joshua/ros2_ws/install/darwin_motion', 'merge_install': False, 'path': '/home/joshua/ros2_ws/src/darwin_motion', 'symlink_install': False, 'test_result_base': None}
[4.222s] INFO:colcon.colcon_core.executor:Executing jobs using 'parallel' executor
[4.251s] DEBUG:colcon.colcon_parallel_executor.executor.parallel:run_until_complete
[4.253s] INFO:colcon.colcon_ros.task.ament_python.build:Building ROS package in '/home/joshua/ros2_ws/src/darwin_motion' with build type 'ament_python'
[4.254s] Level 1:colcon.colcon_core.shell:create_environment_hook('darwin_motion', 'ament_prefix_path')
[4.295s] INFO:colcon.colcon_core.plugin_system:Skipping extension 'colcon_core.shell.bat': Not used on non-Windows systems
[4.297s] INFO:colcon.colcon_core.shell:Creating environment hook '/home/joshua/ros2_ws/install/darwin_motion/share/darwin_motion/hook/ament_prefix_path.ps1'
[4.303s] INFO:colcon.colcon_core.shell:Creating environment descriptor '/home/joshua/ros2_ws/install/darwin_motion/share/darwin_motion/hook/ament_prefix_path.dsv'
[4.307s] INFO:colcon.colcon_core.shell:Creating environment hook '/home/joshua/ros2_ws/install/darwin_motion/share/darwin_motion/hook/ament_prefix_path.sh'
[4.324s] INFO:colcon.colcon_core.shell:Skip shell extension 'powershell' for command environment: Not usable outside of PowerShell
[4.325s] DEBUG:colcon.colcon_core.shell:Skip shell extension 'dsv' for command environment
[6.830s] INFO:colcon.colcon_core.task.python.build:Building Python package in '/home/joshua/ros2_ws/src/darwin_motion'
[6.843s] INFO:colcon.colcon_core.shell:Skip shell extension 'powershell' for command environment: Not usable outside of PowerShell
[6.844s] DEBUG:colcon.colcon_core.shell:Skip shell extension 'dsv' for command environment
[10.353s] DEBUG:colcon.colcon_core.event_handler.log_command:Invoking command in '/home/joshua/ros2_ws/src/darwin_motion': PYTHONPATH=/home/joshua/ros2_ws/build/darwin_motion/prefix_override:/home/joshua/ros2_ws/install/darwin_motion/lib/python3.10/site-packages:${PYTHONPATH} /usr/bin/python3 setup.py egg_info --egg-base ../../build/darwin_motion build --build-base /home/joshua/ros2_ws/build/darwin_motion/build install --record /home/joshua/ros2_ws/build/darwin_motion/install.log --single-version-externally-managed
[13.142s] DEBUG:colcon.colcon_core.event_handler.log_command:Invoked command in '/home/joshua/ros2_ws/src/darwin_motion' returned '0': PYTHONPATH=/home/joshua/ros2_ws/build/darwin_motion/prefix_override:/home/joshua/ros2_ws/install/darwin_motion/lib/python3.10/site-packages:${PYTHONPATH} /usr/bin/python3 setup.py egg_info --egg-base ../../build/darwin_motion build --build-base /home/joshua/ros2_ws/build/darwin_motion/build install --record /home/joshua/ros2_ws/build/darwin_motion/install.log --single-version-externally-managed
[13.191s] Level 1:colcon.colcon_core.environment:checking '/home/joshua/ros2_ws/install/darwin_motion' for CMake module files
[13.197s] Level 1:colcon.colcon_core.environment:checking '/home/joshua/ros2_ws/install/darwin_motion' for CMake config files
[13.206s] Level 1:colcon.colcon_core.environment:checking '/home/joshua/ros2_ws/install/darwin_motion/lib'
[13.209s] Level 1:colcon.colcon_core.environment:checking '/home/joshua/ros2_ws/install/darwin_motion/bin'
[13.209s] Level 1:colcon.colcon_core.environment:checking '/home/joshua/ros2_ws/install/darwin_motion/lib/pkgconfig/darwin_motion.pc'
[13.212s] Level 1:colcon.colcon_core.environment:checking '/home/joshua/ros2_ws/install/darwin_motion/lib/python3.10/site-packages'
[13.213s] Level 1:colcon.colcon_core.shell:create_environment_hook('darwin_motion', 'pythonpath')
[13.224s] INFO:colcon.colcon_core.shell:Creating environment hook '/home/joshua/ros2_ws/install/darwin_motion/share/darwin_motion/hook/pythonpath.ps1'
[13.228s] INFO:colcon.colcon_core.shell:Creating environment descriptor '/home/joshua/ros2_ws/install/darwin_motion/share/darwin_motion/hook/pythonpath.dsv'
[13.232s] INFO:colcon.colcon_core.shell:Creating environment hook '/home/joshua/ros2_ws/install/darwin_motion/share/darwin_motion/hook/pythonpath.sh'
[13.238s] Level 1:colcon.colcon_core.environment:checking '/home/joshua/ros2_ws/install/darwin_motion/bin'
[13.239s] Level 1:colcon.colcon_core.environment:create_environment_scripts_only(darwin_motion)
[13.252s] INFO:colcon.colcon_core.shell:Creating package script '/home/joshua/ros2_ws/install/darwin_motion/share/darwin_motion/package.ps1'
[13.260s] INFO:colcon.colcon_core.shell:Creating package descriptor '/home/joshua/ros2_ws/install/darwin_motion/share/darwin_motion/package.dsv'
[13.266s] INFO:colcon.colcon_core.shell:Creating package script '/home/joshua/ros2_ws/install/darwin_motion/share/darwin_motion/package.sh'
[13.273s] INFO:colcon.colcon_core.shell:Creating package script '/home/joshua/ros2_ws/install/darwin_motion/share/darwin_motion/package.bash'
[13.281s] INFO:colcon.colcon_core.shell:Creating package script '/home/joshua/ros2_ws/install/darwin_motion/share/darwin_motion/package.zsh'
[13.289s] Level 1:colcon.colcon_core.environment:create_file_with_runtime_dependencies(/home/joshua/ros2_ws/install/darwin_motion/share/colcon-core/packages/darwin_motion)
[13.292s] DEBUG:colcon.colcon_parallel_executor.executor.parallel:closing loop
[13.295s] DEBUG:colcon.colcon_parallel_executor.executor.parallel:loop closed
[13.296s] DEBUG:colcon.colcon_parallel_executor.executor.parallel:run_until_complete finished with '0'
[13.297s] DEBUG:colcon.colcon_core.event_reactor:joining thread
[13.344s] INFO:colcon.colcon_core.plugin_system:Skipping extension 'colcon_notification.desktop_notification.notify_send': Could not find 'notify-send'
[13.344s] INFO:colcon.colcon_core.plugin_system:Skipping extension 'colcon_notification.desktop_notification.terminal_notifier': Not used on non-Darwin systems
[13.345s] INFO:colcon.colcon_core.plugin_system:Skipping extension 'colcon_notification.desktop_notification.win32': Not used on non-Windows systems
[13.346s] INFO:colcon.colcon_notification.desktop_notification:Sending desktop notification using 'notify2'
[13.352s] DEBUG:colcon.colcon_notification.desktop_notification.notify2:Failed to initialize notify2: org.freedesktop.DBus.Error.ServiceUnknown: The name org.freedesktop.Notifications was not provided by any .service files
[13.353s] DEBUG:colcon.colcon_core.event_reactor:joined thread
[13.366s] INFO:colcon.colcon_core.shell:Creating prefix script '/home/joshua/ros2_ws/install/local_setup.ps1'
[13.376s] INFO:colcon.colcon_core.shell:Creating prefix util module '/home/joshua/ros2_ws/install/_local_setup_util_ps1.py'
[13.389s] INFO:colcon.colcon_core.shell:Creating prefix chain script '/home/joshua/ros2_ws/install/setup.ps1'
[13.401s] INFO:colcon.colcon_core.shell:Creating prefix script '/home/joshua/ros2_ws/install/local_setup.sh'
[13.408s] INFO:colcon.colcon_core.shell:Creating prefix util module '/home/joshua/ros2_ws/install/_local_setup_util_sh.py'
[13.414s] INFO:colcon.colcon_core.shell:Creating prefix chain script '/home/joshua/ros2_ws/install/setup.sh'
[13.429s] INFO:colcon.colcon_core.shell:Creating prefix script '/home/joshua/ros2_ws/install/local_setup.bash'
[13.435s] INFO:colcon.colcon_core.shell:Creating prefix chain script '/home/joshua/ros2_ws/install/setup.bash'
[13.448s] INFO:colcon.colcon_core.shell:Creating prefix script '/home/joshua/ros2_ws/install/local_setup.zsh'
[13.454s] INFO:colcon.colcon_core.shell:Creating prefix chain script '/home/joshua/ros2_ws/install/setup.zsh'
