running egg_info
creating ../../build/darwin_motion/darwin_motion.egg-info
writing ../../build/darwin_motion/darwin_motion.egg-info/PKG-INFO
writing dependency_links to ../../build/darwin_motion/darwin_motion.egg-info/dependency_links.txt
writing entry points to ../../build/darwin_motion/darwin_motion.egg-info/entry_points.txt
writing requirements to ../../build/darwin_motion/darwin_motion.egg-info/requires.txt
writing top-level names to ../../build/darwin_motion/darwin_motion.egg-info/top_level.txt
writing manifest file '../../build/darwin_motion/darwin_motion.egg-info/SOURCES.txt'
reading manifest file '../../build/darwin_motion/darwin_motion.egg-info/SOURCES.txt'
writing manifest file '../../build/darwin_motion/darwin_motion.egg-info/SOURCES.txt'
running build
running build_py
creating /home/joshua/ros2_ws/build/darwin_motion/build
creating /home/joshua/ros2_ws/build/darwin_motion/build/lib
creating /home/joshua/ros2_ws/build/darwin_motion/build/lib/darwin_motion
copying darwin_motion/__init__.py -> /home/joshua/ros2_ws/build/darwin_motion/build/lib/darwin_motion
copying darwin_motion/DarwinMotionNode.py -> /home/joshua/ros2_ws/build/darwin_motion/build/lib/darwin_motion
running install
running install_lib
creating /home/joshua/ros2_ws/install/darwin_motion/lib/python3.10/site-packages/darwin_motion
copying /home/joshua/ros2_ws/build/darwin_motion/build/lib/darwin_motion/__init__.py -> /home/joshua/ros2_ws/install/darwin_motion/lib/python3.10/site-packages/darwin_motion
copying /home/joshua/ros2_ws/build/darwin_motion/build/lib/darwin_motion/DarwinMotionNode.py -> /home/joshua/ros2_ws/install/darwin_motion/lib/python3.10/site-packages/darwin_motion
byte-compiling /home/joshua/ros2_ws/install/darwin_motion/lib/python3.10/site-packages/darwin_motion/__init__.py to __init__.cpython-310.pyc
byte-compiling /home/joshua/ros2_ws/install/darwin_motion/lib/python3.10/site-packages/darwin_motion/DarwinMotionNode.py to DarwinMotionNode.cpython-310.pyc
running install_data
creating /home/joshua/ros2_ws/install/darwin_motion/share/ament_index
creating /home/joshua/ros2_ws/install/darwin_motion/share/ament_index/resource_index
creating /home/joshua/ros2_ws/install/darwin_motion/share/ament_index/resource_index/packages
copying resource/darwin_motion -> /home/joshua/ros2_ws/install/darwin_motion/share/ament_index/resource_index/packages
copying package.xml -> /home/joshua/ros2_ws/install/darwin_motion/share/darwin_motion
running install_egg_info
Copying ../../build/darwin_motion/darwin_motion.egg-info to /home/joshua/ros2_ws/install/darwin_motion/lib/python3.10/site-packages/darwin_motion-0.0.0-py3.10.egg-info
running install_scripts
Installing darwin_motion script to /home/joshua/ros2_ws/install/darwin_motion/lib/darwin_motion
writing list of installed files to '/home/joshua/ros2_ws/build/darwin_motion/install.log'
