[5.343s] DEBUG:colcon:Command line arguments: ['/usr/bin/colcon', 'build', '--packages-select', 'darwin_motion']
[5.344s] DEBUG:colcon:Parsed command line arguments: Namespace(log_base=None, log_level=None, verb_name='build', build_base='build', install_base='install', merge_install=False, symlink_install=False, test_result_base=None, continue_on_error=False, executor='parallel', parallel_workers=4, event_handlers=None, ignore_user_meta=False, metas=['./colcon.meta'], base_paths=['.'], packages_ignore=None, packages_ignore_regex=None, paths=None, packages_up_to=None, packages_up_to_regex=None, packages_above=None, packages_above_and_dependencies=None, packages_above_depth=None, packages_select_by_dep=None, packages_skip_by_dep=None, packages_skip_up_to=None, packages_select_build_failed=False, packages_skip_build_finished=False, packages_select_test_failures=False, packages_skip_test_passed=False, packages_select=['darwin_motion'], packages_skip=None, packages_select_regex=None, packages_skip_regex=None, packages_start=None, packages_end=None, allow_overriding=[], cmake_args=None, cmake_target=None, cmake_target_skip_unavailable=False, cmake_clean_cache=False, cmake_clean_first=False, cmake_force_configure=False, ament_cmake_args=None, catkin_cmake_args=None, catkin_skip_building_tests=False, verb_parser=<colcon_defaults.argument_parser.defaults.DefaultArgumentsDecorator object at 0xffffa8a12080>, verb_extension=<colcon_core.verb.build.BuildVerb object at 0xffffa9291ae0>, main=<bound method BuildVerb.main of <colcon_core.verb.build.BuildVerb object at 0xffffa9291ae0>>)
[5.871s] Level 1:colcon.colcon_core.package_discovery:discover_packages(colcon_meta) check parameters
[5.901s] Level 1:colcon.colcon_core.package_discovery:discover_packages(recursive) check parameters
[5.902s] Level 1:colcon.colcon_core.package_discovery:discover_packages(ignore) check parameters
[5.903s] Level 1:colcon.colcon_core.package_discovery:discover_packages(path) check parameters
[5.903s] Level 1:colcon.colcon_core.package_discovery:discover_packages(colcon_meta) discover
[5.904s] Level 1:colcon.colcon_core.package_discovery:discover_packages(recursive) discover
[5.905s] INFO:colcon.colcon_core.package_discovery:Crawling recursively for packages in '/home/joshua/ros2_ws'
[5.907s] Level 1:colcon.colcon_core.package_identification:_identify(.) by extensions ['ignore', 'ignore_ament_install']
[5.908s] Level 1:colcon.colcon_core.package_identification:_identify(.) by extension 'ignore'
[5.910s] Level 1:colcon.colcon_core.package_identification:_identify(.) by extension 'ignore_ament_install'
[5.911s] Level 1:colcon.colcon_core.package_identification:_identify(.) by extensions ['colcon_pkg']
[5.911s] Level 1:colcon.colcon_core.package_identification:_identify(.) by extension 'colcon_pkg'
[5.912s] Level 1:colcon.colcon_core.package_identification:_identify(.) by extensions ['colcon_meta']
[5.913s] Level 1:colcon.colcon_core.package_identification:_identify(.) by extension 'colcon_meta'
[5.913s] Level 1:colcon.colcon_core.package_identification:_identify(.) by extensions ['ros']
[5.913s] Level 1:colcon.colcon_core.package_identification:_identify(.) by extension 'ros'
[6.088s] Level 1:colcon.colcon_core.package_identification:_identify(.) by extensions ['cmake', 'python']
[6.089s] Level 1:colcon.colcon_core.package_identification:_identify(.) by extension 'cmake'
[6.089s] Level 1:colcon.colcon_core.package_identification:_identify(.) by extension 'python'
[6.090s] Level 1:colcon.colcon_core.package_identification:_identify(.) by extensions ['python_setup_py']
[6.090s] Level 1:colcon.colcon_core.package_identification:_identify(.) by extension 'python_setup_py'
[6.092s] Level 1:colcon.colcon_core.package_identification:_identify(build) by extensions ['ignore', 'ignore_ament_install']
[6.093s] Level 1:colcon.colcon_core.package_identification:_identify(build) by extension 'ignore'
[6.093s] Level 1:colcon.colcon_core.package_identification:_identify(build) ignored
[6.095s] Level 1:colcon.colcon_core.package_identification:_identify(install) by extensions ['ignore', 'ignore_ament_install']
[6.096s] Level 1:colcon.colcon_core.package_identification:_identify(install) by extension 'ignore'
[6.097s] Level 1:colcon.colcon_core.package_identification:_identify(install) ignored
[6.099s] Level 1:colcon.colcon_core.package_identification:_identify(log) by extensions ['ignore', 'ignore_ament_install']
[6.100s] Level 1:colcon.colcon_core.package_identification:_identify(log) by extension 'ignore'
[6.101s] Level 1:colcon.colcon_core.package_identification:_identify(log) ignored
[6.102s] Level 1:colcon.colcon_core.package_identification:_identify(src) by extensions ['ignore', 'ignore_ament_install']
[6.103s] Level 1:colcon.colcon_core.package_identification:_identify(src) by extension 'ignore'
[6.104s] Level 1:colcon.colcon_core.package_identification:_identify(src) by extension 'ignore_ament_install'
[6.105s] Level 1:colcon.colcon_core.package_identification:_identify(src) by extensions ['colcon_pkg']
[6.105s] Level 1:colcon.colcon_core.package_identification:_identify(src) by extension 'colcon_pkg'
[6.106s] Level 1:colcon.colcon_core.package_identification:_identify(src) by extensions ['colcon_meta']
[6.106s] Level 1:colcon.colcon_core.package_identification:_identify(src) by extension 'colcon_meta'
[6.107s] Level 1:colcon.colcon_core.package_identification:_identify(src) by extensions ['ros']
[6.107s] Level 1:colcon.colcon_core.package_identification:_identify(src) by extension 'ros'
[6.108s] Level 1:colcon.colcon_core.package_identification:_identify(src) by extensions ['cmake', 'python']
[6.109s] Level 1:colcon.colcon_core.package_identification:_identify(src) by extension 'cmake'
[6.109s] Level 1:colcon.colcon_core.package_identification:_identify(src) by extension 'python'
[6.110s] Level 1:colcon.colcon_core.package_identification:_identify(src) by extensions ['python_setup_py']
[6.111s] Level 1:colcon.colcon_core.package_identification:_identify(src) by extension 'python_setup_py'
[6.112s] Level 1:colcon.colcon_core.package_identification:_identify(src/darwin_motion) by extensions ['ignore', 'ignore_ament_install']
[6.113s] Level 1:colcon.colcon_core.package_identification:_identify(src/darwin_motion) by extension 'ignore'
[6.114s] Level 1:colcon.colcon_core.package_identification:_identify(src/darwin_motion) by extension 'ignore_ament_install'
[6.114s] Level 1:colcon.colcon_core.package_identification:_identify(src/darwin_motion) by extensions ['colcon_pkg']
[6.115s] Level 1:colcon.colcon_core.package_identification:_identify(src/darwin_motion) by extension 'colcon_pkg'
[6.116s] Level 1:colcon.colcon_core.package_identification:_identify(src/darwin_motion) by extensions ['colcon_meta']
[6.116s] Level 1:colcon.colcon_core.package_identification:_identify(src/darwin_motion) by extension 'colcon_meta'
[6.117s] Level 1:colcon.colcon_core.package_identification:_identify(src/darwin_motion) by extensions ['ros']
[6.117s] Level 1:colcon.colcon_core.package_identification:_identify(src/darwin_motion) by extension 'ros'
[6.156s] DEBUG:colcon.colcon_core.package_identification:Package 'src/darwin_motion' with type 'ros.ament_python' and name 'darwin_motion'
[6.157s] Level 1:colcon.colcon_core.package_discovery:discover_packages(recursive) using defaults
[6.158s] Level 1:colcon.colcon_core.package_discovery:discover_packages(ignore) discover
[6.158s] Level 1:colcon.colcon_core.package_discovery:discover_packages(ignore) using defaults
[6.158s] Level 1:colcon.colcon_core.package_discovery:discover_packages(path) discover
[6.158s] Level 1:colcon.colcon_core.package_discovery:discover_packages(path) using defaults
[6.544s] Level 1:colcon.colcon_core.package_discovery:discover_packages(prefix_path) check parameters
[6.544s] Level 1:colcon.colcon_core.package_discovery:discover_packages(prefix_path) discover
[6.570s] WARNING:colcon.colcon_core.prefix_path.colcon:The path '/home/joshua/ros2_humble/ros2-linux' in the environment variable COLCON_PREFIX_PATH doesn't exist
[6.571s] WARNING:colcon.colcon_ros.prefix_path.ament:The path '/home/joshua/ros2_humble/ros2-linux' in the environment variable AMENT_PREFIX_PATH doesn't exist
[6.573s] WARNING:colcon.colcon_ros.prefix_path.catkin:The path '/home/joshua/ros2_humble/ros2-linux' in the environment variable CMAKE_PREFIX_PATH doesn't exist
[6.608s] DEBUG:colcon.colcon_installed_package_information.package_discovery:Found 180 installed packages in /opt/ros/humble
[6.620s] Level 1:colcon.colcon_core.package_discovery:discover_packages(prefix_path) using defaults
[7.285s] Level 5:colcon.colcon_core.verb:set package 'darwin_motion' build argument 'cmake_args' from command line to 'None'
[7.285s] Level 5:colcon.colcon_core.verb:set package 'darwin_motion' build argument 'cmake_target' from command line to 'None'
[7.286s] Level 5:colcon.colcon_core.verb:set package 'darwin_motion' build argument 'cmake_target_skip_unavailable' from command line to 'False'
[7.286s] Level 5:colcon.colcon_core.verb:set package 'darwin_motion' build argument 'cmake_clean_cache' from command line to 'False'
[7.286s] Level 5:colcon.colcon_core.verb:set package 'darwin_motion' build argument 'cmake_clean_first' from command line to 'False'
[7.286s] Level 5:colcon.colcon_core.verb:set package 'darwin_motion' build argument 'cmake_force_configure' from command line to 'False'
[7.287s] Level 5:colcon.colcon_core.verb:set package 'darwin_motion' build argument 'ament_cmake_args' from command line to 'None'
[7.287s] Level 5:colcon.colcon_core.verb:set package 'darwin_motion' build argument 'catkin_cmake_args' from command line to 'None'
[7.287s] Level 5:colcon.colcon_core.verb:set package 'darwin_motion' build argument 'catkin_skip_building_tests' from command line to 'False'
[7.288s] DEBUG:colcon.colcon_core.verb:Building package 'darwin_motion' with the following arguments: {'ament_cmake_args': None, 'build_base': '/home/joshua/ros2_ws/build/darwin_motion', 'catkin_cmake_args': None, 'catkin_skip_building_tests': False, 'cmake_args': None, 'cmake_clean_cache': False, 'cmake_clean_first': False, 'cmake_force_configure': False, 'cmake_target': None, 'cmake_target_skip_unavailable': False, 'install_base': '/home/joshua/ros2_ws/install/darwin_motion', 'merge_install': False, 'path': '/home/joshua/ros2_ws/src/darwin_motion', 'symlink_install': False, 'test_result_base': None}
[7.294s] INFO:colcon.colcon_core.executor:Executing jobs using 'parallel' executor
[7.322s] DEBUG:colcon.colcon_parallel_executor.executor.parallel:run_until_complete
[7.324s] INFO:colcon.colcon_ros.task.ament_python.build:Building ROS package in '/home/joshua/ros2_ws/src/darwin_motion' with build type 'ament_python'
[7.326s] Level 1:colcon.colcon_core.shell:create_environment_hook('darwin_motion', 'ament_prefix_path')
[7.406s] INFO:colcon.colcon_core.plugin_system:Skipping extension 'colcon_core.shell.bat': Not used on non-Windows systems
[7.410s] INFO:colcon.colcon_core.shell:Creating environment hook '/home/joshua/ros2_ws/install/darwin_motion/share/darwin_motion/hook/ament_prefix_path.ps1'
[7.427s] INFO:colcon.colcon_core.shell:Creating environment descriptor '/home/joshua/ros2_ws/install/darwin_motion/share/darwin_motion/hook/ament_prefix_path.dsv'
[7.433s] INFO:colcon.colcon_core.shell:Creating environment hook '/home/joshua/ros2_ws/install/darwin_motion/share/darwin_motion/hook/ament_prefix_path.sh'
[7.452s] INFO:colcon.colcon_core.shell:Skip shell extension 'powershell' for command environment: Not usable outside of PowerShell
[7.453s] DEBUG:colcon.colcon_core.shell:Skip shell extension 'dsv' for command environment
[10.283s] INFO:colcon.colcon_core.task.python.build:Building Python package in '/home/joshua/ros2_ws/src/darwin_motion'
[10.297s] INFO:colcon.colcon_core.shell:Skip shell extension 'powershell' for command environment: Not usable outside of PowerShell
[10.298s] DEBUG:colcon.colcon_core.shell:Skip shell extension 'dsv' for command environment
[15.095s] DEBUG:colcon.colcon_core.event_handler.log_command:Invoking command in '/home/joshua/ros2_ws/src/darwin_motion': PYTHONPATH=/home/joshua/ros2_ws/build/darwin_motion/prefix_override:/home/joshua/ros2_ws/install/darwin_motion/lib/python3.10/site-packages:${PYTHONPATH} /usr/bin/python3 setup.py egg_info --egg-base ../../build/darwin_motion build --build-base /home/joshua/ros2_ws/build/darwin_motion/build install --record /home/joshua/ros2_ws/build/darwin_motion/install.log --single-version-externally-managed
[18.046s] DEBUG:colcon.colcon_core.event_handler.log_command:Invoked command in '/home/joshua/ros2_ws/src/darwin_motion' returned '0': PYTHONPATH=/home/joshua/ros2_ws/build/darwin_motion/prefix_override:/home/joshua/ros2_ws/install/darwin_motion/lib/python3.10/site-packages:${PYTHONPATH} /usr/bin/python3 setup.py egg_info --egg-base ../../build/darwin_motion build --build-base /home/joshua/ros2_ws/build/darwin_motion/build install --record /home/joshua/ros2_ws/build/darwin_motion/install.log --single-version-externally-managed
[18.135s] Level 1:colcon.colcon_core.environment:checking '/home/joshua/ros2_ws/install/darwin_motion' for CMake module files
[18.140s] Level 1:colcon.colcon_core.environment:checking '/home/joshua/ros2_ws/install/darwin_motion' for CMake config files
[18.148s] Level 1:colcon.colcon_core.environment:checking '/home/joshua/ros2_ws/install/darwin_motion/lib'
[18.151s] Level 1:colcon.colcon_core.environment:checking '/home/joshua/ros2_ws/install/darwin_motion/bin'
[18.152s] Level 1:colcon.colcon_core.environment:checking '/home/joshua/ros2_ws/install/darwin_motion/lib/pkgconfig/darwin_motion.pc'
[18.155s] Level 1:colcon.colcon_core.environment:checking '/home/joshua/ros2_ws/install/darwin_motion/lib/python3.10/site-packages'
[18.156s] Level 1:colcon.colcon_core.shell:create_environment_hook('darwin_motion', 'pythonpath')
[18.170s] INFO:colcon.colcon_core.shell:Creating environment hook '/home/joshua/ros2_ws/install/darwin_motion/share/darwin_motion/hook/pythonpath.ps1'
[18.174s] INFO:colcon.colcon_core.shell:Creating environment descriptor '/home/joshua/ros2_ws/install/darwin_motion/share/darwin_motion/hook/pythonpath.dsv'
[18.179s] INFO:colcon.colcon_core.shell:Creating environment hook '/home/joshua/ros2_ws/install/darwin_motion/share/darwin_motion/hook/pythonpath.sh'
[18.186s] Level 1:colcon.colcon_core.environment:checking '/home/joshua/ros2_ws/install/darwin_motion/bin'
[18.187s] Level 1:colcon.colcon_core.environment:create_environment_scripts_only(darwin_motion)
[18.203s] INFO:colcon.colcon_core.shell:Creating package script '/home/joshua/ros2_ws/install/darwin_motion/share/darwin_motion/package.ps1'
[18.218s] INFO:colcon.colcon_core.shell:Creating package descriptor '/home/joshua/ros2_ws/install/darwin_motion/share/darwin_motion/package.dsv'
[18.230s] INFO:colcon.colcon_core.shell:Creating package script '/home/joshua/ros2_ws/install/darwin_motion/share/darwin_motion/package.sh'
[18.243s] INFO:colcon.colcon_core.shell:Creating package script '/home/joshua/ros2_ws/install/darwin_motion/share/darwin_motion/package.bash'
[18.261s] INFO:colcon.colcon_core.shell:Creating package script '/home/joshua/ros2_ws/install/darwin_motion/share/darwin_motion/package.zsh'
[18.273s] Level 1:colcon.colcon_core.environment:create_file_with_runtime_dependencies(/home/joshua/ros2_ws/install/darwin_motion/share/colcon-core/packages/darwin_motion)
[18.281s] DEBUG:colcon.colcon_parallel_executor.executor.parallel:closing loop
[18.287s] DEBUG:colcon.colcon_parallel_executor.executor.parallel:loop closed
[18.288s] DEBUG:colcon.colcon_parallel_executor.executor.parallel:run_until_complete finished with '0'
[18.289s] DEBUG:colcon.colcon_core.event_reactor:joining thread
[18.421s] INFO:colcon.colcon_core.plugin_system:Skipping extension 'colcon_notification.desktop_notification.notify_send': Could not find 'notify-send'
[18.423s] INFO:colcon.colcon_core.plugin_system:Skipping extension 'colcon_notification.desktop_notification.terminal_notifier': Not used on non-Darwin systems
[18.424s] INFO:colcon.colcon_core.plugin_system:Skipping extension 'colcon_notification.desktop_notification.win32': Not used on non-Windows systems
[18.424s] INFO:colcon.colcon_notification.desktop_notification:Sending desktop notification using 'notify2'
[18.727s] DEBUG:colcon.colcon_notification.desktop_notification.notify2:Failed to initialize notify2: org.freedesktop.DBus.Error.ServiceUnknown: The name org.freedesktop.Notifications was not provided by any .service files
[18.728s] DEBUG:colcon.colcon_core.event_reactor:joined thread
[18.744s] INFO:colcon.colcon_core.shell:Creating prefix script '/home/joshua/ros2_ws/install/local_setup.ps1'
[18.755s] INFO:colcon.colcon_core.shell:Creating prefix util module '/home/joshua/ros2_ws/install/_local_setup_util_ps1.py'
[18.771s] INFO:colcon.colcon_core.shell:Creating prefix chain script '/home/joshua/ros2_ws/install/setup.ps1'
[18.785s] INFO:colcon.colcon_core.shell:Creating prefix script '/home/joshua/ros2_ws/install/local_setup.sh'
[18.793s] INFO:colcon.colcon_core.shell:Creating prefix util module '/home/joshua/ros2_ws/install/_local_setup_util_sh.py'
[18.799s] INFO:colcon.colcon_core.shell:Creating prefix chain script '/home/joshua/ros2_ws/install/setup.sh'
[18.816s] INFO:colcon.colcon_core.shell:Creating prefix script '/home/joshua/ros2_ws/install/local_setup.bash'
[18.824s] INFO:colcon.colcon_core.shell:Creating prefix chain script '/home/joshua/ros2_ws/install/setup.bash'
[18.839s] INFO:colcon.colcon_core.shell:Creating prefix script '/home/joshua/ros2_ws/install/local_setup.zsh'
[18.846s] INFO:colcon.colcon_core.shell:Creating prefix chain script '/home/joshua/ros2_ws/install/setup.zsh'
