[6.026s] Invoking command in '/home/joshua/ros2_ws/src/darwin_motion': PYTHONPATH=/home/joshua/ros2_ws/build/darwin_motion/prefix_override:/home/joshua/ros2_ws/install/darwin_motion/lib/python3.10/site-packages:${PYTHONPATH} /usr/bin/python3 setup.py egg_info --egg-base ../../build/darwin_motion build --build-base /home/joshua/ros2_ws/build/darwin_motion/build install --record /home/joshua/ros2_ws/build/darwin_motion/install.log --single-version-externally-managed
[8.289s] running egg_info
[8.295s] writing ../../build/darwin_motion/darwin_motion.egg-info/PKG-INFO
[8.297s] writing dependency_links to ../../build/darwin_motion/darwin_motion.egg-info/dependency_links.txt
[8.299s] writing entry points to ../../build/darwin_motion/darwin_motion.egg-info/entry_points.txt
[8.303s] writing requirements to ../../build/darwin_motion/darwin_motion.egg-info/requires.txt
[8.304s] writing top-level names to ../../build/darwin_motion/darwin_motion.egg-info/top_level.txt
[8.320s] reading manifest file '../../build/darwin_motion/darwin_motion.egg-info/SOURCES.txt'
[8.330s] writing manifest file '../../build/darwin_motion/darwin_motion.egg-info/SOURCES.txt'
[8.331s] running build
[8.332s] running build_py
[8.335s] running install
[8.339s] /usr/lib/python3/dist-packages/setuptools/command/install.py:34: SetuptoolsDeprecationWarning: setup.py install is deprecated. Use build and pip and other standards-based tools.
[8.341s]   warnings.warn(
[8.342s] running install_lib
[8.352s] running install_data
[8.357s] running install_egg_info
[8.369s] removing '/home/joshua/ros2_ws/install/darwin_motion/lib/python3.10/site-packages/darwin_motion-0.0.0-py3.10.egg-info' (and everything under it)
[8.373s] Copying ../../build/darwin_motion/darwin_motion.egg-info to /home/joshua/ros2_ws/install/darwin_motion/lib/python3.10/site-packages/darwin_motion-0.0.0-py3.10.egg-info
[8.386s] running install_scripts
[8.566s] Installing motor_controller script to /home/joshua/ros2_ws/install/darwin_motion/lib/darwin_motion
[8.570s] writing list of installed files to '/home/joshua/ros2_ws/build/darwin_motion/install.log'
[8.820s] Invoked command in '/home/joshua/ros2_ws/src/darwin_motion' returned '0': PYTHONPATH=/home/joshua/ros2_ws/build/darwin_motion/prefix_override:/home/joshua/ros2_ws/install/darwin_motion/lib/python3.10/site-packages:${PYTHONPATH} /usr/bin/python3 setup.py egg_info --egg-base ../../build/darwin_motion build --build-base /home/joshua/ros2_ws/build/darwin_motion/build install --record /home/joshua/ros2_ws/build/darwin_motion/install.log --single-version-externally-managed
