[3.039s] DEBUG:colcon:Command line arguments: ['/usr/bin/colcon', 'build', '--packages-select', 'darwin_motion']
[3.040s] DEBUG:colcon:Parsed command line arguments: Namespace(log_base=None, log_level=None, verb_name='build', build_base='build', install_base='install', merge_install=False, symlink_install=False, test_result_base=None, continue_on_error=False, executor='parallel', parallel_workers=4, event_handlers=None, ignore_user_meta=False, metas=['./colcon.meta'], base_paths=['.'], packages_ignore=None, packages_ignore_regex=None, paths=None, packages_up_to=None, packages_up_to_regex=None, packages_above=None, packages_above_and_dependencies=None, packages_above_depth=None, packages_select_by_dep=None, packages_skip_by_dep=None, packages_skip_up_to=None, packages_select_build_failed=False, packages_skip_build_finished=False, packages_select_test_failures=False, packages_skip_test_passed=False, packages_select=['darwin_motion'], packages_skip=None, packages_select_regex=None, packages_skip_regex=None, packages_start=None, packages_end=None, allow_overriding=[], cmake_args=None, cmake_target=None, cmake_target_skip_unavailable=False, cmake_clean_cache=False, cmake_clean_first=False, cmake_force_configure=False, ament_cmake_args=None, catkin_cmake_args=None, catkin_skip_building_tests=False, verb_parser=<colcon_defaults.argument_parser.defaults.DefaultArgumentsDecorator object at 0xffffae9b1e70>, verb_extension=<colcon_core.verb.build.BuildVerb object at 0xffffaf230250>, main=<bound method BuildVerb.main of <colcon_core.verb.build.BuildVerb object at 0xffffaf230250>>)
[3.352s] Level 1:colcon.colcon_core.package_discovery:discover_packages(colcon_meta) check parameters
[3.353s] Level 1:colcon.colcon_core.package_discovery:discover_packages(recursive) check parameters
[3.353s] Level 1:colcon.colcon_core.package_discovery:discover_packages(ignore) check parameters
[3.353s] Level 1:colcon.colcon_core.package_discovery:discover_packages(path) check parameters
[3.354s] Level 1:colcon.colcon_core.package_discovery:discover_packages(colcon_meta) discover
[3.354s] Level 1:colcon.colcon_core.package_discovery:discover_packages(recursive) discover
[3.355s] INFO:colcon.colcon_core.package_discovery:Crawling recursively for packages in '/home/joshua/ros2_ws'
[3.356s] Level 1:colcon.colcon_core.package_identification:_identify(.) by extensions ['ignore', 'ignore_ament_install']
[3.357s] Level 1:colcon.colcon_core.package_identification:_identify(.) by extension 'ignore'
[3.357s] Level 1:colcon.colcon_core.package_identification:_identify(.) by extension 'ignore_ament_install'
[3.358s] Level 1:colcon.colcon_core.package_identification:_identify(.) by extensions ['colcon_pkg']
[3.359s] Level 1:colcon.colcon_core.package_identification:_identify(.) by extension 'colcon_pkg'
[3.359s] Level 1:colcon.colcon_core.package_identification:_identify(.) by extensions ['colcon_meta']
[3.360s] Level 1:colcon.colcon_core.package_identification:_identify(.) by extension 'colcon_meta'
[3.360s] Level 1:colcon.colcon_core.package_identification:_identify(.) by extensions ['ros']
[3.360s] Level 1:colcon.colcon_core.package_identification:_identify(.) by extension 'ros'
[3.464s] Level 1:colcon.colcon_core.package_identification:_identify(.) by extensions ['cmake', 'python']
[3.464s] Level 1:colcon.colcon_core.package_identification:_identify(.) by extension 'cmake'
[3.465s] Level 1:colcon.colcon_core.package_identification:_identify(.) by extension 'python'
[3.466s] Level 1:colcon.colcon_core.package_identification:_identify(.) by extensions ['python_setup_py']
[3.466s] Level 1:colcon.colcon_core.package_identification:_identify(.) by extension 'python_setup_py'
[3.467s] Level 1:colcon.colcon_core.package_identification:_identify(build) by extensions ['ignore', 'ignore_ament_install']
[3.468s] Level 1:colcon.colcon_core.package_identification:_identify(build) by extension 'ignore'
[3.469s] Level 1:colcon.colcon_core.package_identification:_identify(build) ignored
[3.471s] Level 1:colcon.colcon_core.package_identification:_identify(install) by extensions ['ignore', 'ignore_ament_install']
[3.472s] Level 1:colcon.colcon_core.package_identification:_identify(install) by extension 'ignore'
[3.472s] Level 1:colcon.colcon_core.package_identification:_identify(install) ignored
[3.473s] Level 1:colcon.colcon_core.package_identification:_identify(log) by extensions ['ignore', 'ignore_ament_install']
[3.474s] Level 1:colcon.colcon_core.package_identification:_identify(log) by extension 'ignore'
[3.475s] Level 1:colcon.colcon_core.package_identification:_identify(log) ignored
[3.476s] Level 1:colcon.colcon_core.package_identification:_identify(src) by extensions ['ignore', 'ignore_ament_install']
[3.477s] Level 1:colcon.colcon_core.package_identification:_identify(src) by extension 'ignore'
[3.478s] Level 1:colcon.colcon_core.package_identification:_identify(src) by extension 'ignore_ament_install'
[3.478s] Level 1:colcon.colcon_core.package_identification:_identify(src) by extensions ['colcon_pkg']
[3.479s] Level 1:colcon.colcon_core.package_identification:_identify(src) by extension 'colcon_pkg'
[3.480s] Level 1:colcon.colcon_core.package_identification:_identify(src) by extensions ['colcon_meta']
[3.480s] Level 1:colcon.colcon_core.package_identification:_identify(src) by extension 'colcon_meta'
[3.480s] Level 1:colcon.colcon_core.package_identification:_identify(src) by extensions ['ros']
[3.481s] Level 1:colcon.colcon_core.package_identification:_identify(src) by extension 'ros'
[3.482s] Level 1:colcon.colcon_core.package_identification:_identify(src) by extensions ['cmake', 'python']
[3.482s] Level 1:colcon.colcon_core.package_identification:_identify(src) by extension 'cmake'
[3.483s] Level 1:colcon.colcon_core.package_identification:_identify(src) by extension 'python'
[3.483s] Level 1:colcon.colcon_core.package_identification:_identify(src) by extensions ['python_setup_py']
[3.484s] Level 1:colcon.colcon_core.package_identification:_identify(src) by extension 'python_setup_py'
[3.485s] Level 1:colcon.colcon_core.package_identification:_identify(src/darwin_motion) by extensions ['ignore', 'ignore_ament_install']
[3.486s] Level 1:colcon.colcon_core.package_identification:_identify(src/darwin_motion) by extension 'ignore'
[3.487s] Level 1:colcon.colcon_core.package_identification:_identify(src/darwin_motion) by extension 'ignore_ament_install'
[3.488s] Level 1:colcon.colcon_core.package_identification:_identify(src/darwin_motion) by extensions ['colcon_pkg']
[3.489s] Level 1:colcon.colcon_core.package_identification:_identify(src/darwin_motion) by extension 'colcon_pkg'
[3.489s] Level 1:colcon.colcon_core.package_identification:_identify(src/darwin_motion) by extensions ['colcon_meta']
[3.490s] Level 1:colcon.colcon_core.package_identification:_identify(src/darwin_motion) by extension 'colcon_meta'
[3.491s] Level 1:colcon.colcon_core.package_identification:_identify(src/darwin_motion) by extensions ['ros']
[3.492s] Level 1:colcon.colcon_core.package_identification:_identify(src/darwin_motion) by extension 'ros'
[3.513s] DEBUG:colcon.colcon_core.package_identification:Package 'src/darwin_motion' with type 'ros.ament_python' and name 'darwin_motion'
[3.513s] Level 1:colcon.colcon_core.package_discovery:discover_packages(recursive) using defaults
[3.514s] Level 1:colcon.colcon_core.package_discovery:discover_packages(ignore) discover
[3.514s] Level 1:colcon.colcon_core.package_discovery:discover_packages(ignore) using defaults
[3.514s] Level 1:colcon.colcon_core.package_discovery:discover_packages(path) discover
[3.515s] Level 1:colcon.colcon_core.package_discovery:discover_packages(path) using defaults
[3.753s] Level 1:colcon.colcon_core.package_discovery:discover_packages(prefix_path) check parameters
[3.753s] Level 1:colcon.colcon_core.package_discovery:discover_packages(prefix_path) discover
[3.766s] WARNING:colcon.colcon_core.prefix_path.colcon:The path '/home/joshua/ros2_humble/ros2-linux' in the environment variable COLCON_PREFIX_PATH doesn't exist
[3.767s] WARNING:colcon.colcon_ros.prefix_path.ament:The path '/home/joshua/ros2_humble/ros2-linux' in the environment variable AMENT_PREFIX_PATH doesn't exist
[3.768s] WARNING:colcon.colcon_ros.prefix_path.catkin:The path '/home/joshua/ros2_humble/ros2-linux' in the environment variable CMAKE_PREFIX_PATH doesn't exist
[3.790s] DEBUG:colcon.colcon_installed_package_information.package_discovery:Found 180 installed packages in /opt/ros/humble
[3.801s] Level 1:colcon.colcon_core.package_discovery:discover_packages(prefix_path) using defaults
[4.232s] Level 5:colcon.colcon_core.verb:set package 'darwin_motion' build argument 'cmake_args' from command line to 'None'
[4.232s] Level 5:colcon.colcon_core.verb:set package 'darwin_motion' build argument 'cmake_target' from command line to 'None'
[4.233s] Level 5:colcon.colcon_core.verb:set package 'darwin_motion' build argument 'cmake_target_skip_unavailable' from command line to 'False'
[4.233s] Level 5:colcon.colcon_core.verb:set package 'darwin_motion' build argument 'cmake_clean_cache' from command line to 'False'
[4.233s] Level 5:colcon.colcon_core.verb:set package 'darwin_motion' build argument 'cmake_clean_first' from command line to 'False'
[4.233s] Level 5:colcon.colcon_core.verb:set package 'darwin_motion' build argument 'cmake_force_configure' from command line to 'False'
[4.234s] Level 5:colcon.colcon_core.verb:set package 'darwin_motion' build argument 'ament_cmake_args' from command line to 'None'
[4.234s] Level 5:colcon.colcon_core.verb:set package 'darwin_motion' build argument 'catkin_cmake_args' from command line to 'None'
[4.234s] Level 5:colcon.colcon_core.verb:set package 'darwin_motion' build argument 'catkin_skip_building_tests' from command line to 'False'
[4.235s] DEBUG:colcon.colcon_core.verb:Building package 'darwin_motion' with the following arguments: {'ament_cmake_args': None, 'build_base': '/home/joshua/ros2_ws/build/darwin_motion', 'catkin_cmake_args': None, 'catkin_skip_building_tests': False, 'cmake_args': None, 'cmake_clean_cache': False, 'cmake_clean_first': False, 'cmake_force_configure': False, 'cmake_target': None, 'cmake_target_skip_unavailable': False, 'install_base': '/home/joshua/ros2_ws/install/darwin_motion', 'merge_install': False, 'path': '/home/joshua/ros2_ws/src/darwin_motion', 'symlink_install': False, 'test_result_base': None}
[4.241s] INFO:colcon.colcon_core.executor:Executing jobs using 'parallel' executor
[4.270s] DEBUG:colcon.colcon_parallel_executor.executor.parallel:run_until_complete
[4.272s] INFO:colcon.colcon_ros.task.ament_python.build:Building ROS package in '/home/joshua/ros2_ws/src/darwin_motion' with build type 'ament_python'
[4.274s] Level 1:colcon.colcon_core.shell:create_environment_hook('darwin_motion', 'ament_prefix_path')
[4.314s] INFO:colcon.colcon_core.plugin_system:Skipping extension 'colcon_core.shell.bat': Not used on non-Windows systems
[4.317s] INFO:colcon.colcon_core.shell:Creating environment hook '/home/joshua/ros2_ws/install/darwin_motion/share/darwin_motion/hook/ament_prefix_path.ps1'
[4.322s] INFO:colcon.colcon_core.shell:Creating environment descriptor '/home/joshua/ros2_ws/install/darwin_motion/share/darwin_motion/hook/ament_prefix_path.dsv'
[4.327s] INFO:colcon.colcon_core.shell:Creating environment hook '/home/joshua/ros2_ws/install/darwin_motion/share/darwin_motion/hook/ament_prefix_path.sh'
[4.344s] INFO:colcon.colcon_core.shell:Skip shell extension 'powershell' for command environment: Not usable outside of PowerShell
[4.345s] DEBUG:colcon.colcon_core.shell:Skip shell extension 'dsv' for command environment
[6.820s] INFO:colcon.colcon_core.task.python.build:Building Python package in '/home/joshua/ros2_ws/src/darwin_motion'
[6.833s] INFO:colcon.colcon_core.shell:Skip shell extension 'powershell' for command environment: Not usable outside of PowerShell
[6.833s] DEBUG:colcon.colcon_core.shell:Skip shell extension 'dsv' for command environment
[10.301s] DEBUG:colcon.colcon_core.event_handler.log_command:Invoking command in '/home/joshua/ros2_ws/src/darwin_motion': PYTHONPATH=/home/joshua/ros2_ws/build/darwin_motion/prefix_override:/home/joshua/ros2_ws/install/darwin_motion/lib/python3.10/site-packages:${PYTHONPATH} /usr/bin/python3 setup.py egg_info --egg-base ../../build/darwin_motion build --build-base /home/joshua/ros2_ws/build/darwin_motion/build install --record /home/joshua/ros2_ws/build/darwin_motion/install.log --single-version-externally-managed
[13.090s] DEBUG:colcon.colcon_core.event_handler.log_command:Invoked command in '/home/joshua/ros2_ws/src/darwin_motion' returned '0': PYTHONPATH=/home/joshua/ros2_ws/build/darwin_motion/prefix_override:/home/joshua/ros2_ws/install/darwin_motion/lib/python3.10/site-packages:${PYTHONPATH} /usr/bin/python3 setup.py egg_info --egg-base ../../build/darwin_motion build --build-base /home/joshua/ros2_ws/build/darwin_motion/build install --record /home/joshua/ros2_ws/build/darwin_motion/install.log --single-version-externally-managed
[13.138s] Level 1:colcon.colcon_core.environment:checking '/home/joshua/ros2_ws/install/darwin_motion' for CMake module files
[13.143s] Level 1:colcon.colcon_core.environment:checking '/home/joshua/ros2_ws/install/darwin_motion' for CMake config files
[13.151s] Level 1:colcon.colcon_core.environment:checking '/home/joshua/ros2_ws/install/darwin_motion/lib'
[13.153s] Level 1:colcon.colcon_core.environment:checking '/home/joshua/ros2_ws/install/darwin_motion/bin'
[13.154s] Level 1:colcon.colcon_core.environment:checking '/home/joshua/ros2_ws/install/darwin_motion/lib/pkgconfig/darwin_motion.pc'
[13.156s] Level 1:colcon.colcon_core.environment:checking '/home/joshua/ros2_ws/install/darwin_motion/lib/python3.10/site-packages'
[13.157s] Level 1:colcon.colcon_core.shell:create_environment_hook('darwin_motion', 'pythonpath')
[13.169s] INFO:colcon.colcon_core.shell:Creating environment hook '/home/joshua/ros2_ws/install/darwin_motion/share/darwin_motion/hook/pythonpath.ps1'
[13.173s] INFO:colcon.colcon_core.shell:Creating environment descriptor '/home/joshua/ros2_ws/install/darwin_motion/share/darwin_motion/hook/pythonpath.dsv'
[13.177s] INFO:colcon.colcon_core.shell:Creating environment hook '/home/joshua/ros2_ws/install/darwin_motion/share/darwin_motion/hook/pythonpath.sh'
[13.183s] Level 1:colcon.colcon_core.environment:checking '/home/joshua/ros2_ws/install/darwin_motion/bin'
[13.184s] Level 1:colcon.colcon_core.environment:create_environment_scripts_only(darwin_motion)
[13.196s] INFO:colcon.colcon_core.shell:Creating package script '/home/joshua/ros2_ws/install/darwin_motion/share/darwin_motion/package.ps1'
[13.205s] INFO:colcon.colcon_core.shell:Creating package descriptor '/home/joshua/ros2_ws/install/darwin_motion/share/darwin_motion/package.dsv'
[13.212s] INFO:colcon.colcon_core.shell:Creating package script '/home/joshua/ros2_ws/install/darwin_motion/share/darwin_motion/package.sh'
[13.220s] INFO:colcon.colcon_core.shell:Creating package script '/home/joshua/ros2_ws/install/darwin_motion/share/darwin_motion/package.bash'
[13.227s] INFO:colcon.colcon_core.shell:Creating package script '/home/joshua/ros2_ws/install/darwin_motion/share/darwin_motion/package.zsh'
[13.235s] Level 1:colcon.colcon_core.environment:create_file_with_runtime_dependencies(/home/joshua/ros2_ws/install/darwin_motion/share/colcon-core/packages/darwin_motion)
[13.238s] DEBUG:colcon.colcon_parallel_executor.executor.parallel:closing loop
[13.241s] DEBUG:colcon.colcon_parallel_executor.executor.parallel:loop closed
[13.242s] DEBUG:colcon.colcon_parallel_executor.executor.parallel:run_until_complete finished with '0'
[13.243s] DEBUG:colcon.colcon_core.event_reactor:joining thread
[13.289s] INFO:colcon.colcon_core.plugin_system:Skipping extension 'colcon_notification.desktop_notification.notify_send': Could not find 'notify-send'
[13.290s] INFO:colcon.colcon_core.plugin_system:Skipping extension 'colcon_notification.desktop_notification.terminal_notifier': Not used on non-Darwin systems
[13.291s] INFO:colcon.colcon_core.plugin_system:Skipping extension 'colcon_notification.desktop_notification.win32': Not used on non-Windows systems
[13.292s] INFO:colcon.colcon_notification.desktop_notification:Sending desktop notification using 'notify2'
[13.298s] DEBUG:colcon.colcon_notification.desktop_notification.notify2:Failed to initialize notify2: org.freedesktop.DBus.Error.ServiceUnknown: The name org.freedesktop.Notifications was not provided by any .service files
[13.299s] DEBUG:colcon.colcon_core.event_reactor:joined thread
[13.311s] INFO:colcon.colcon_core.shell:Creating prefix script '/home/joshua/ros2_ws/install/local_setup.ps1'
[13.320s] INFO:colcon.colcon_core.shell:Creating prefix util module '/home/joshua/ros2_ws/install/_local_setup_util_ps1.py'
[13.334s] INFO:colcon.colcon_core.shell:Creating prefix chain script '/home/joshua/ros2_ws/install/setup.ps1'
[13.346s] INFO:colcon.colcon_core.shell:Creating prefix script '/home/joshua/ros2_ws/install/local_setup.sh'
[13.351s] INFO:colcon.colcon_core.shell:Creating prefix util module '/home/joshua/ros2_ws/install/_local_setup_util_sh.py'
[13.356s] INFO:colcon.colcon_core.shell:Creating prefix chain script '/home/joshua/ros2_ws/install/setup.sh'
[13.369s] INFO:colcon.colcon_core.shell:Creating prefix script '/home/joshua/ros2_ws/install/local_setup.bash'
[13.374s] INFO:colcon.colcon_core.shell:Creating prefix chain script '/home/joshua/ros2_ws/install/setup.bash'
[13.387s] INFO:colcon.colcon_core.shell:Creating prefix script '/home/joshua/ros2_ws/install/local_setup.zsh'
[13.394s] INFO:colcon.colcon_core.shell:Creating prefix chain script '/home/joshua/ros2_ws/install/setup.zsh'
