running egg_info
writing ../../build/darwin_motion/darwin_motion.egg-info/PKG-INFO
writing dependency_links to ../../build/darwin_motion/darwin_motion.egg-info/dependency_links.txt
writing entry points to ../../build/darwin_motion/darwin_motion.egg-info/entry_points.txt
writing requirements to ../../build/darwin_motion/darwin_motion.egg-info/requires.txt
writing top-level names to ../../build/darwin_motion/darwin_motion.egg-info/top_level.txt
reading manifest file '../../build/darwin_motion/darwin_motion.egg-info/SOURCES.txt'
writing manifest file '../../build/darwin_motion/darwin_motion.egg-info/SOURCES.txt'
running build
running build_py
running install
/usr/lib/python3/dist-packages/setuptools/command/install.py:34: SetuptoolsDeprecationWarning: setup.py install is deprecated. Use build and pip and other standards-based tools.
  warnings.warn(
running install_lib
running install_data
running install_egg_info
removing '/home/joshua/ros2_ws/install/darwin_motion/lib/python3.10/site-packages/darwin_motion-0.0.0-py3.10.egg-info' (and everything under it)
Copying ../../build/darwin_motion/darwin_motion.egg-info to /home/joshua/ros2_ws/install/darwin_motion/lib/python3.10/site-packages/darwin_motion-0.0.0-py3.10.egg-info
running install_scripts
Installing motor_controller script to /home/joshua/ros2_ws/install/darwin_motion/lib/darwin_motion
writing list of installed files to '/home/joshua/ros2_ws/build/darwin_motion/install.log'
