[6.021s] Invoking command in '/home/joshua/ros2_ws/src/darwin_motion': PYTHONPATH=/home/joshua/ros2_ws/build/darwin_motion/prefix_override:/home/joshua/ros2_ws/install/darwin_motion/lib/python3.10/site-packages:${PYTHONPATH} /usr/bin/python3 setup.py egg_info --egg-base ../../build/darwin_motion build --build-base /home/joshua/ros2_ws/build/darwin_motion/build install --record /home/joshua/ros2_ws/build/darwin_motion/install.log --single-version-externally-managed
[8.282s] running egg_info
[8.287s] writing ../../build/darwin_motion/darwin_motion.egg-info/PKG-INFO
[8.289s] writing dependency_links to ../../build/darwin_motion/darwin_motion.egg-info/dependency_links.txt
[8.291s] writing entry points to ../../build/darwin_motion/darwin_motion.egg-info/entry_points.txt
[8.293s] writing requirements to ../../build/darwin_motion/darwin_motion.egg-info/requires.txt
[8.295s] writing top-level names to ../../build/darwin_motion/darwin_motion.egg-info/top_level.txt
[8.311s] reading manifest file '../../build/darwin_motion/darwin_motion.egg-info/SOURCES.txt'
[8.320s] writing manifest file '../../build/darwin_motion/darwin_motion.egg-info/SOURCES.txt'
[8.322s] running build
[8.323s] running build_py
[8.325s] running install
[8.327s] /usr/lib/python3/dist-packages/setuptools/command/install.py:34: SetuptoolsDeprecationWarning: setup.py install is deprecated. Use build and pip and other standards-based tools.
[8.328s]   warnings.warn(
[8.329s] running install_lib
[8.342s] running install_data
[8.348s] running install_egg_info
[8.361s] removing '/home/joshua/ros2_ws/install/darwin_motion/lib/python3.10/site-packages/darwin_motion-0.0.0-py3.10.egg-info' (and everything under it)
[8.365s] Copying ../../build/darwin_motion/darwin_motion.egg-info to /home/joshua/ros2_ws/install/darwin_motion/lib/python3.10/site-packages/darwin_motion-0.0.0-py3.10.egg-info
[8.378s] running install_scripts
[8.557s] Installing motor_controller script to /home/joshua/ros2_ws/install/darwin_motion/lib/darwin_motion
[8.560s] writing list of installed files to '/home/joshua/ros2_ws/build/darwin_motion/install.log'
[8.811s] Invoked command in '/home/joshua/ros2_ws/src/darwin_motion' returned '0': PYTHONPATH=/home/joshua/ros2_ws/build/darwin_motion/prefix_override:/home/joshua/ros2_ws/install/darwin_motion/lib/python3.10/site-packages:${PYTHONPATH} /usr/bin/python3 setup.py egg_info --egg-base ../../build/darwin_motion build --build-base /home/joshua/ros2_ws/build/darwin_motion/build install --record /home/joshua/ros2_ws/build/darwin_motion/install.log --single-version-externally-managed
